2025-04-25 13:27:25 -HV000001: Hibernate Validator 6.2.5.Final
2025-04-25 13:27:25 -Starting ServiceApplication using Java 11.0.24 on llleee with PID 15672 (D:\aaa\im-system\service\target\classes started by 86177 in D:\aaa\im-system)
2025-04-25 13:27:25 -The following 1 profile is active: "dev"
2025-04-25 13:27:25 -Multiple Spring Data modules found, entering strict repository configuration mode
2025-04-25 13:27:25 -Bootstrapping Spring Data Redis repositories in DEFAULT mode.
2025-04-25 13:27:25 -Finished Spring Data repository scanning in 6 ms. Found 0 Redis repository interfaces.
2025-04-25 13:27:26 -Tomcat initialized with port(s): 8000 (http)
2025-04-25 13:27:26 -Initializing ProtocolHandler ["http-nio-8000"]
2025-04-25 13:27:26 -Starting service [Tomcat]
2025-04-25 13:27:26 -Starting Servlet engine: [Apache Tomcat/9.0.75]
2025-04-25 13:27:26 -Initializing Spring embedded WebApplicationContext
2025-04-25 13:27:26 -Root WebApplicationContext: initialization completed in 991 ms
2025-04-25 13:27:27 -Starting ProtocolHandler ["http-nio-8000"]
2025-04-25 13:27:27 -Tomcat started on port(s): 8000 (http) with context path ''
2025-04-25 13:27:27 -Started ServiceApplication in 2.191 seconds (JVM running for 2.905)
2025-04-25 13:41:00 -Starting ServiceApplication using Java 11.0.24 on llleee with PID 4372 (D:\aaa\im-system\service\target\classes started by 86177 in D:\aaa\im-system)
2025-04-25 13:41:00 -The following 1 profile is active: "dev"
2025-04-25 13:41:00 -HV000001: Hibernate Validator 6.2.5.Final
2025-04-25 13:41:00 -Multiple Spring Data modules found, entering strict repository configuration mode
2025-04-25 13:41:00 -Bootstrapping Spring Data Redis repositories in DEFAULT mode.
2025-04-25 13:41:00 -Finished Spring Data repository scanning in 7 ms. Found 0 Redis repository interfaces.
2025-04-25 13:41:00 -Tomcat initialized with port(s): 8000 (http)
2025-04-25 13:41:00 -Initializing ProtocolHandler ["http-nio-8000"]
2025-04-25 13:41:00 -Starting service [Tomcat]
2025-04-25 13:41:00 -Starting Servlet engine: [Apache Tomcat/9.0.75]
2025-04-25 13:41:00 -Initializing Spring embedded WebApplicationContext
2025-04-25 13:41:00 -Root WebApplicationContext: initialization completed in 635 ms
2025-04-25 13:41:01 -Starting ProtocolHandler ["http-nio-8000"]
2025-04-25 13:41:01 -Tomcat started on port(s): 8000 (http) with context path ''
2025-04-25 13:41:01 -Started ServiceApplication in 1.711 seconds (JVM running for 2.23)
2025-04-25 13:42:03 -Initializing Spring DispatcherServlet 'dispatcherServlet'
2025-04-25 13:42:03 -Initializing Servlet 'dispatcherServlet'
2025-04-25 13:42:03 -Completed initialization in 0 ms
2025-04-25 13:42:29 -HikariPool-1 - Starting...
2025-04-25 13:42:29 -HikariPool-1 - Start completed.
2025-04-25 13:52:11 -HikariPool-1 - Shutdown initiated...
2025-04-25 13:52:11 -HikariPool-1 - Shutdown completed.
